-------------------------------------------------------------------------------
Test set: testsFront.LoginTest
-------------------------------------------------------------------------------
Tests run: 4, Failures: 1, Errors: 0, Skipped: 0, Time elapsed: 54.332 sec <<< FAILURE!
testValidLogin(testsFront.LoginTest)  Time elapsed: 10.632 sec  <<< FAILURE!
java.lang.AssertionError: O texto da mensagem de nível de acesso está incorreto. expected [Products] but found [null]
	at org.testng.Assert.fail(Assert.java:111)
	at org.testng.Assert.failNotEquals(Assert.java:1578)
	at org.testng.Assert.assertEqualsImpl(Assert.java:150)
	at org.testng.Assert.assertEquals(Assert.java:132)
	at org.testng.Assert.assertEquals(Assert.java:656)
	at testsFront.LoginTest.testValidLogin(LoginTest.java:71)

